{"ts":"2025-08-21T06:42:16.688Z","stage":"START","projectId":"Z-007","freelancerId":25}
{"ts":"2025-08-21T06:42:16.691Z","stage":"READ_PROJECT_OK","projectId":"Z-007","invoicingMethod":"completion"}
{"ts":"2025-08-21T06:42:16.693Z","stage":"READ_TASKS_OK","projectId":"Z-007","count":3}
{"ts":"2025-08-21T06:42:16.693Z","stage":"FILTER_APPROVED","projectId":"Z-007","total":3,"approved":2}
{"ts":"2025-08-21T06:42:16.699Z","stage":"LIST_INVOICES_OK","projectId":"Z-007","count":2}
{"ts":"2025-08-21T06:42:16.699Z","stage":"FILTER_DEDUP","projectId":"Z-007","available":0,"alreadyInvoicedById":3,"alreadyInvoicedByTitle":5}
{"ts":"2025-08-21T06:42:16.699Z","stage":"NO_AVAILABLE_TASKS","projectId":"Z-007","total":3,"approved":2,"alreadyInvoicedById":3,"alreadyInvoicedByTitle":5}
{"ts":"2025-08-21T06:43:52.921Z","stage":"START","projectId":"Z-007","freelancerId":25}
{"ts":"2025-08-21T06:43:52.922Z","stage":"READ_PROJECT_OK","projectId":"Z-007","invoicingMethod":"completion"}
{"ts":"2025-08-21T06:43:52.924Z","stage":"READ_TASKS_OK","projectId":"Z-007","count":3}
{"ts":"2025-08-21T06:43:52.924Z","stage":"FILTER_APPROVED","projectId":"Z-007","total":3,"approved":2}
{"ts":"2025-08-21T06:43:52.930Z","stage":"LIST_INVOICES_OK","projectId":"Z-007","count":2}
{"ts":"2025-08-21T06:43:52.930Z","stage":"FILTER_DEDUP","projectId":"Z-007","available":0,"alreadyInvoicedById":3,"alreadyInvoicedByTitle":5}
{"ts":"2025-08-21T06:43:52.931Z","stage":"NO_AVAILABLE_TASKS","projectId":"Z-007","total":3,"approved":2,"alreadyInvoicedById":3,"alreadyInvoicedByTitle":5}
{"ts":"2025-08-21T06:45:16.294Z","stage":"START","projectId":"Z-005","freelancerId":25}
{"ts":"2025-08-21T06:45:16.295Z","stage":"READ_PROJECT_OK","projectId":"Z-005","invoicingMethod":"completion"}
{"ts":"2025-08-21T06:45:16.297Z","stage":"READ_TASKS_OK","projectId":"Z-005","count":2}
{"ts":"2025-08-21T06:45:16.297Z","stage":"FILTER_APPROVED","projectId":"Z-005","total":2,"approved":1}
{"ts":"2025-08-21T06:45:16.303Z","stage":"LIST_INVOICES_OK","projectId":"Z-005","count":2}
{"ts":"2025-08-21T06:45:16.303Z","stage":"FILTER_DEDUP","projectId":"Z-005","available":0,"alreadyInvoicedById":2,"alreadyInvoicedByTitle":2}
{"ts":"2025-08-21T06:45:16.303Z","stage":"NO_AVAILABLE_TASKS","projectId":"Z-005","total":2,"approved":1,"alreadyInvoicedById":2,"alreadyInvoicedByTitle":2}
{"ts":"2025-08-21T06:48:35.360Z","stage":"START","projectId":"Z-007","freelancerId":25}
{"ts":"2025-08-21T06:48:35.361Z","stage":"READ_PROJECT_OK","projectId":"Z-007","invoicingMethod":"completion"}
{"ts":"2025-08-21T06:48:35.361Z","stage":"READ_TASKS_OK","projectId":"Z-007","count":3}
{"ts":"2025-08-21T06:48:35.362Z","stage":"FILTER_APPROVED","projectId":"Z-007","total":3,"approved":2}
{"ts":"2025-08-21T06:48:35.368Z","stage":"LIST_INVOICES_OK","projectId":"Z-007","count":2}
{"ts":"2025-08-21T06:48:35.368Z","stage":"FILTER_DEDUP","projectId":"Z-007","available":0,"alreadyInvoicedById":3,"alreadyInvoicedByTitle":5}
{"ts":"2025-08-21T06:48:35.368Z","stage":"NO_AVAILABLE_TASKS","projectId":"Z-007","total":3,"approved":2,"alreadyInvoicedById":3,"alreadyInvoicedByTitle":5}
{"ts":"2025-08-21T06:51:53.642Z","stage":"START","projectId":"Z-007","freelancerId":25}
{"ts":"2025-08-21T06:51:53.644Z","stage":"READ_PROJECT_OK","projectId":"Z-007","invoicingMethod":"completion"}
{"ts":"2025-08-21T06:51:53.645Z","stage":"READ_TASKS_OK","projectId":"Z-007","count":3}
{"ts":"2025-08-21T06:51:53.645Z","stage":"FILTER_APPROVED","projectId":"Z-007","total":3,"approved":2}
{"ts":"2025-08-21T06:51:53.650Z","stage":"LIST_INVOICES_OK","projectId":"Z-007","count":2}
{"ts":"2025-08-21T06:51:53.650Z","stage":"FILTER_DEDUP","projectId":"Z-007","available":0,"alreadyInvoicedById":3,"alreadyInvoicedByTitle":5}
{"ts":"2025-08-21T06:51:53.650Z","stage":"NO_AVAILABLE_TASKS","projectId":"Z-007","total":3,"approved":2,"alreadyInvoicedById":3,"alreadyInvoicedByTitle":5}
{"ts":"2025-08-21T06:55:49.452Z","stage":"START","projectId":"Z-007","freelancerId":25}
{"ts":"2025-08-21T06:55:49.453Z","stage":"READ_PROJECT_OK","projectId":"Z-007","invoicingMethod":"completion"}
{"ts":"2025-08-21T06:55:49.454Z","stage":"READ_TASKS_OK","projectId":"Z-007","count":3}
{"ts":"2025-08-21T06:55:49.454Z","stage":"FILTER_APPROVED","projectId":"Z-007","total":3,"approved":2}
{"ts":"2025-08-21T06:55:49.461Z","stage":"LIST_INVOICES_OK","projectId":"Z-007","count":2}
{"ts":"2025-08-21T06:55:49.461Z","stage":"FILTER_DEDUP","projectId":"Z-007","available":0,"alreadyInvoicedById":3,"alreadyInvoicedByTitle":5}
{"ts":"2025-08-21T06:55:49.461Z","stage":"NO_AVAILABLE_TASKS","projectId":"Z-007","total":3,"approved":2,"alreadyInvoicedById":3,"alreadyInvoicedByTitle":5}
{"ts":"2025-08-21T06:58:33.216Z","stage":"START","projectId":"Z-007","freelancerId":25}
{"ts":"2025-08-21T06:58:33.216Z","stage":"READ_PROJECT_OK","projectId":"Z-007","invoicingMethod":"completion"}
{"ts":"2025-08-21T06:58:33.217Z","stage":"READ_TASKS_OK","projectId":"Z-007","count":3}
{"ts":"2025-08-21T06:58:33.217Z","stage":"FILTER_APPROVED","projectId":"Z-007","total":3,"approved":2}
{"ts":"2025-08-21T06:58:33.226Z","stage":"LIST_INVOICES_OK","projectId":"Z-007","count":2}
{"ts":"2025-08-21T06:58:33.226Z","stage":"FILTER_DEDUP","projectId":"Z-007","available":0,"alreadyInvoicedById":3,"alreadyInvoicedByTitle":5}
{"ts":"2025-08-21T06:58:33.226Z","stage":"NO_AVAILABLE_TASKS","projectId":"Z-007","total":3,"approved":2,"alreadyInvoicedById":3,"alreadyInvoicedByTitle":5}
{"ts":"2025-08-21T07:01:24.138Z","stage":"START","projectId":"Z-007","freelancerId":25}
{"ts":"2025-08-21T07:01:24.139Z","stage":"READ_PROJECT_OK","projectId":"Z-007","invoicingMethod":"completion"}
{"ts":"2025-08-21T07:01:24.140Z","stage":"READ_TASKS_OK","projectId":"Z-007","count":3}
{"ts":"2025-08-21T07:01:24.140Z","stage":"FILTER_APPROVED","projectId":"Z-007","total":3,"approved":2}
{"ts":"2025-08-21T07:01:24.148Z","stage":"LIST_INVOICES_OK","projectId":"Z-007","count":2}
{"ts":"2025-08-21T07:01:24.148Z","stage":"FILTER_DEDUP","projectId":"Z-007","available":0,"alreadyInvoicedById":3,"alreadyInvoicedByTitle":5}
{"ts":"2025-08-21T07:01:24.148Z","stage":"NO_AVAILABLE_TASKS","projectId":"Z-007","total":3,"approved":2,"alreadyInvoicedById":3,"alreadyInvoicedByTitle":5}
{"ts":"2025-08-21T07:02:21.900Z","stage":"START","projectId":"Z-007","freelancerId":25}
{"ts":"2025-08-21T07:02:21.901Z","stage":"READ_PROJECT_OK","projectId":"Z-007","invoicingMethod":"completion"}
{"ts":"2025-08-21T07:02:21.902Z","stage":"READ_TASKS_OK","projectId":"Z-007","count":3}
{"ts":"2025-08-21T07:02:21.903Z","stage":"FILTER_APPROVED","projectId":"Z-007","total":3,"approved":2}
{"ts":"2025-08-21T07:02:21.916Z","stage":"LIST_INVOICES_OK","projectId":"Z-007","count":2}
{"ts":"2025-08-21T07:02:21.916Z","stage":"FILTER_DEDUP","projectId":"Z-007","available":0,"alreadyInvoicedById":3,"alreadyInvoicedByTitle":5}
{"ts":"2025-08-21T07:02:21.916Z","stage":"NO_AVAILABLE_TASKS","projectId":"Z-007","total":3,"approved":2,"alreadyInvoicedById":3,"alreadyInvoicedByTitle":5}
{"ts":"2025-08-21T07:02:28.837Z","stage":"START","projectId":"Z-007","freelancerId":25}
{"ts":"2025-08-21T07:02:28.838Z","stage":"READ_PROJECT_OK","projectId":"Z-007","invoicingMethod":"completion"}
{"ts":"2025-08-21T07:02:28.838Z","stage":"READ_TASKS_OK","projectId":"Z-007","count":3}
{"ts":"2025-08-21T07:02:28.838Z","stage":"FILTER_APPROVED","projectId":"Z-007","total":3,"approved":2}
{"ts":"2025-08-21T07:02:28.841Z","stage":"LIST_INVOICES_OK","projectId":"Z-007","count":2}
{"ts":"2025-08-21T07:02:28.841Z","stage":"FILTER_DEDUP","projectId":"Z-007","available":0,"alreadyInvoicedById":3,"alreadyInvoicedByTitle":5}
{"ts":"2025-08-21T07:02:28.841Z","stage":"NO_AVAILABLE_TASKS","projectId":"Z-007","total":3,"approved":2,"alreadyInvoicedById":3,"alreadyInvoicedByTitle":5}
{"ts":"2025-08-21T07:04:16.320Z","stage":"START","projectId":"Z-007","freelancerId":25}
{"ts":"2025-08-21T07:04:16.321Z","stage":"READ_PROJECT_OK","projectId":"Z-007","invoicingMethod":"completion"}
{"ts":"2025-08-21T07:04:16.321Z","stage":"READ_TASKS_OK","projectId":"Z-007","count":3}
{"ts":"2025-08-21T07:04:16.321Z","stage":"FILTER_APPROVED","projectId":"Z-007","total":3,"approved":2}
{"ts":"2025-08-21T07:04:16.327Z","stage":"LIST_INVOICES_OK","projectId":"Z-007","count":2}
{"ts":"2025-08-21T07:04:16.328Z","stage":"FILTER_DEDUP","projectId":"Z-007","available":0,"alreadyInvoicedById":3,"alreadyInvoicedByTitle":5}
{"ts":"2025-08-21T07:04:16.328Z","stage":"NO_AVAILABLE_TASKS","projectId":"Z-007","total":3,"approved":2,"alreadyInvoicedById":3,"alreadyInvoicedByTitle":5}
{"ts":"2025-08-21T07:13:50.787Z","stage":"START","projectId":"Z-007","freelancerId":25}
{"ts":"2025-08-21T07:13:50.790Z","stage":"READ_PROJECT_OK","projectId":"Z-007","invoicingMethod":"completion"}
{"ts":"2025-08-21T07:13:50.792Z","stage":"READ_TASKS_OK","projectId":"Z-007","count":3}
{"ts":"2025-08-21T07:13:50.792Z","stage":"FILTER_APPROVED","projectId":"Z-007","total":3,"approved":2}
{"ts":"2025-08-21T07:13:50.798Z","stage":"LIST_INVOICES_OK","projectId":"Z-007","count":2}
{"ts":"2025-08-21T07:13:50.798Z","stage":"EXISTING_DRAFT_FOUND","projectId":"Z-007","invoiceNumber":"INV-Z-007-1755755647576","status":"draft"}
{"ts":"2025-08-21T07:16:49.812Z","stage":"START","projectId":"Z-007","freelancerId":25}
{"ts":"2025-08-21T07:16:49.815Z","stage":"READ_PROJECT_OK","projectId":"Z-007","invoicingMethod":"completion"}
{"ts":"2025-08-21T07:16:49.819Z","stage":"READ_TASKS_OK","projectId":"Z-007","count":3}
{"ts":"2025-08-21T07:16:49.819Z","stage":"FILTER_APPROVED","projectId":"Z-007","total":3,"approved":2}
{"ts":"2025-08-21T07:16:49.826Z","stage":"LIST_INVOICES_OK","projectId":"Z-007","count":2}
{"ts":"2025-08-21T07:16:49.826Z","stage":"EXISTING_DRAFT_FOUND","projectId":"Z-007","invoiceNumber":"INV-Z-007-1755755647576","status":"draft"}
{"ts":"2025-08-21T07:18:20.552Z","stage":"START","projectId":"Z-007","freelancerId":25}
{"ts":"2025-08-21T07:18:20.558Z","stage":"READ_PROJECT_OK","projectId":"Z-007","invoicingMethod":"completion"}
{"ts":"2025-08-21T07:18:20.601Z","stage":"READ_TASKS_OK","projectId":"Z-007","count":3}
{"ts":"2025-08-21T07:18:20.601Z","stage":"FILTER_APPROVED","projectId":"Z-007","total":3,"approved":2}
{"ts":"2025-08-21T07:18:20.608Z","stage":"LIST_INVOICES_OK","projectId":"Z-007","count":2}
{"ts":"2025-08-21T07:18:20.608Z","stage":"EXISTING_DRAFT_FOUND","projectId":"Z-007","invoiceNumber":"INV-Z-007-1755755647576","status":"draft"}
{"ts":"2025-08-21T14:00:09.397Z","stage":"START","projectId":"Z-007","freelancerId":25}
{"ts":"2025-08-21T14:00:09.401Z","stage":"READ_PROJECT_OK","projectId":"Z-007","invoicingMethod":"completion"}
{"ts":"2025-08-21T14:00:09.464Z","stage":"READ_TASKS_OK","projectId":"Z-007","count":3}
{"ts":"2025-08-21T14:00:09.465Z","stage":"FILTER_APPROVED","projectId":"Z-007","total":3,"approved":2}
{"ts":"2025-08-21T14:00:10.433Z","stage":"LIST_INVOICES_OK","projectId":"Z-007","count":2}
{"ts":"2025-08-21T14:00:10.434Z","stage":"EXISTING_DRAFT_FOUND","projectId":"Z-007","invoiceNumber":"INV-Z-007-1755755647576","status":"draft"}
{"ts":"2025-08-21T14:03:13.247Z","stage":"START","projectId":"Z-007","freelancerId":25}
{"ts":"2025-08-21T14:03:13.250Z","stage":"READ_PROJECT_OK","projectId":"Z-007","invoicingMethod":"completion"}
{"ts":"2025-08-21T14:03:13.253Z","stage":"READ_TASKS_OK","projectId":"Z-007","count":3}
{"ts":"2025-08-21T14:03:13.253Z","stage":"FILTER_APPROVED","projectId":"Z-007","total":3,"approved":2}
{"ts":"2025-08-21T14:03:13.262Z","stage":"LIST_INVOICES_OK","projectId":"Z-007","count":2}
{"ts":"2025-08-21T14:03:13.262Z","stage":"EXISTING_DRAFT_FOUND","projectId":"Z-007","invoiceNumber":"INV-Z-007-1755755647576","status":"draft"}
{"ts":"2025-08-21T14:31:26.396Z","stage":"START","projectId":"Z-007","freelancerId":25}
{"ts":"2025-08-21T14:31:26.397Z","stage":"READ_PROJECT_OK","projectId":"Z-007","invoicingMethod":"completion"}
{"ts":"2025-08-21T14:31:26.398Z","stage":"READ_TASKS_OK","projectId":"Z-007","count":3}
{"ts":"2025-08-21T14:31:26.398Z","stage":"FILTER_APPROVED","projectId":"Z-007","total":3,"approved":2}
{"ts":"2025-08-21T14:31:26.405Z","stage":"LIST_INVOICES_OK","projectId":"Z-007","count":2}
{"ts":"2025-08-21T14:31:26.405Z","stage":"EXISTING_DRAFT_FOUND","projectId":"Z-007","invoiceNumber":"INV-Z-007-1755755647576","status":"draft"}
{"ts":"2025-08-21T14:31:34.498Z","stage":"START","projectId":"Z-007","freelancerId":25}
{"ts":"2025-08-21T14:31:34.499Z","stage":"READ_PROJECT_OK","projectId":"Z-007","invoicingMethod":"completion"}
{"ts":"2025-08-21T14:31:34.499Z","stage":"READ_TASKS_OK","projectId":"Z-007","count":3}
{"ts":"2025-08-21T14:31:34.499Z","stage":"FILTER_APPROVED","projectId":"Z-007","total":3,"approved":2}
{"ts":"2025-08-21T14:31:34.502Z","stage":"LIST_INVOICES_OK","projectId":"Z-007","count":2}
{"ts":"2025-08-21T14:31:34.502Z","stage":"EXISTING_DRAFT_FOUND","projectId":"Z-007","invoiceNumber":"INV-Z-007-1755755647576","status":"draft"}
{"ts":"2025-08-21T14:44:25.662Z","stage":"START","projectId":"Z-007","freelancerId":25}
{"ts":"2025-08-21T14:44:25.683Z","stage":"READ_PROJECT_OK","projectId":"Z-007","invoicingMethod":"completion"}
{"ts":"2025-08-21T14:44:25.717Z","stage":"READ_TASKS_OK","projectId":"Z-007","count":3}
{"ts":"2025-08-21T14:44:25.717Z","stage":"FILTER_APPROVED","projectId":"Z-007","total":3,"approved":2}
{"ts":"2025-08-21T14:44:25.722Z","stage":"LIST_INVOICES_OK","projectId":"Z-007","count":2}
{"ts":"2025-08-21T14:44:25.722Z","stage":"EXISTING_DRAFT_FOUND","projectId":"Z-007","invoiceNumber":"INV-Z-007-1755755647576","status":"draft"}
{"ts":"2025-08-21T14:46:40.369Z","stage":"START","projectId":"Z-007","freelancerId":25}
{"ts":"2025-08-21T14:46:40.371Z","stage":"READ_PROJECT_OK","projectId":"Z-007","invoicingMethod":"completion"}
{"ts":"2025-08-21T14:46:40.372Z","stage":"READ_TASKS_OK","projectId":"Z-007","count":3}
{"ts":"2025-08-21T14:46:40.372Z","stage":"FILTER_APPROVED","projectId":"Z-007","total":3,"approved":2}
{"ts":"2025-08-21T14:46:40.379Z","stage":"LIST_INVOICES_OK","projectId":"Z-007","count":2}
{"ts":"2025-08-21T14:46:40.379Z","stage":"EXISTING_DRAFT_FOUND","projectId":"Z-007","invoiceNumber":"INV-Z-007-1755755647576","status":"draft"}
{"ts":"2025-08-21T15:35:52.886Z","stage":"START","projectId":"Z-007","freelancerId":25}
{"ts":"2025-08-21T15:35:52.889Z","stage":"READ_PROJECT_OK","projectId":"Z-007","invoicingMethod":"completion"}
{"ts":"2025-08-21T15:35:52.890Z","stage":"READ_TASKS_OK","projectId":"Z-007","count":3}
{"ts":"2025-08-21T15:35:52.890Z","stage":"FILTER_APPROVED","projectId":"Z-007","total":3,"approved":2}
{"ts":"2025-08-21T15:35:52.896Z","stage":"LIST_INVOICES_OK","projectId":"Z-007","count":2}
{"ts":"2025-08-21T15:35:52.896Z","stage":"FILTER_DEDUP","projectId":"Z-007","available":2,"alreadyInvoicedById":1,"alreadyInvoicedByTitle":1,"excludedDrafts":true}
{"ts":"2025-08-21T15:35:52.896Z","stage":"RATE_OK","projectId":"Z-007","ratePerTask":0,"upfront":0,"pool":1600,"totalTasks":0}
{"ts":"2025-08-21T15:35:52.898Z","stage":"EXISTING_DRAFT_FOUND","projectId":"Z-007","existingInvoiceNumber":"INV-Z-007-1755755647576"}
{"ts":"2025-08-21T15:38:02.049Z","stage":"START","projectId":"Z-007","freelancerId":25}
{"ts":"2025-08-21T15:38:02.052Z","stage":"READ_PROJECT_OK","projectId":"Z-007","invoicingMethod":"completion"}
{"ts":"2025-08-21T15:38:02.053Z","stage":"READ_TASKS_OK","projectId":"Z-007","count":3}
{"ts":"2025-08-21T15:38:02.053Z","stage":"FILTER_APPROVED","projectId":"Z-007","total":3,"approved":2}
{"ts":"2025-08-21T15:38:02.056Z","stage":"LIST_INVOICES_OK","projectId":"Z-007","count":2}
{"ts":"2025-08-21T15:38:02.057Z","stage":"FILTER_DEDUP","projectId":"Z-007","available":2,"alreadyInvoicedById":1,"alreadyInvoicedByTitle":1,"excludedDrafts":true}
{"ts":"2025-08-21T15:38:02.057Z","stage":"RATE_OK","projectId":"Z-007","ratePerTask":0,"upfront":0,"pool":1600,"totalTasks":0}
{"ts":"2025-08-21T15:38:02.059Z","stage":"EXISTING_DRAFT_FOUND","projectId":"Z-007","existingInvoiceNumber":"INV-Z-007-1755755647576"}
{"ts":"2025-08-21T16:00:01.214Z","stage":"START","projectId":"Z-007","freelancerId":25}
{"ts":"2025-08-21T16:00:01.216Z","stage":"READ_PROJECT_OK","projectId":"Z-007","invoicingMethod":"completion"}
{"ts":"2025-08-21T16:00:01.217Z","stage":"READ_TASKS_OK","projectId":"Z-007","count":3}
{"ts":"2025-08-21T16:00:01.217Z","stage":"FILTER_APPROVED","projectId":"Z-007","total":3,"approved":2}
{"ts":"2025-08-21T16:00:01.219Z","stage":"LIST_INVOICES_OK","projectId":"Z-007","count":2}
{"ts":"2025-08-21T16:00:01.219Z","stage":"FILTER_DEDUP","projectId":"Z-007","available":2,"alreadyInvoicedById":1,"alreadyInvoicedByTitle":1,"excludedDrafts":true}
{"ts":"2025-08-21T16:00:01.219Z","stage":"RATE_OK","projectId":"Z-007","ratePerTask":0,"upfront":0,"pool":1600,"totalTasks":0}
{"ts":"2025-08-21T16:00:01.221Z","stage":"EXISTING_DRAFT_FOUND","projectId":"Z-007","existingInvoiceNumber":"INV-Z-007-1755755647576"}
{"ts":"2025-08-21T16:00:08.283Z","stage":"START","projectId":"Z-007","freelancerId":25}
{"ts":"2025-08-21T16:00:08.284Z","stage":"READ_PROJECT_OK","projectId":"Z-007","invoicingMethod":"completion"}
{"ts":"2025-08-21T16:00:08.286Z","stage":"READ_TASKS_OK","projectId":"Z-007","count":3}
{"ts":"2025-08-21T16:00:08.287Z","stage":"FILTER_APPROVED","projectId":"Z-007","total":3,"approved":2}
{"ts":"2025-08-21T16:00:08.292Z","stage":"LIST_INVOICES_OK","projectId":"Z-007","count":2}
{"ts":"2025-08-21T16:00:08.293Z","stage":"FILTER_DEDUP","projectId":"Z-007","available":2,"alreadyInvoicedById":1,"alreadyInvoicedByTitle":1,"excludedDrafts":true}
{"ts":"2025-08-21T16:00:08.293Z","stage":"RATE_OK","projectId":"Z-007","ratePerTask":0,"upfront":0,"pool":1600,"totalTasks":0}
{"ts":"2025-08-21T16:00:08.298Z","stage":"EXISTING_DRAFT_FOUND","projectId":"Z-007","existingInvoiceNumber":"INV-Z-007-1755755647576"}
{"ts":"2025-08-21T16:00:33.769Z","stage":"START","projectId":"Z-007","freelancerId":25}
{"ts":"2025-08-21T16:00:33.769Z","stage":"READ_PROJECT_OK","projectId":"Z-007","invoicingMethod":"completion"}
{"ts":"2025-08-21T16:00:33.770Z","stage":"READ_TASKS_OK","projectId":"Z-007","count":3}
{"ts":"2025-08-21T16:00:33.770Z","stage":"FILTER_APPROVED","projectId":"Z-007","total":3,"approved":2}
{"ts":"2025-08-21T16:00:33.773Z","stage":"LIST_INVOICES_OK","projectId":"Z-007","count":2}
{"ts":"2025-08-21T16:00:33.774Z","stage":"FILTER_DEDUP","projectId":"Z-007","available":2,"alreadyInvoicedById":1,"alreadyInvoicedByTitle":1,"excludedDrafts":true}
{"ts":"2025-08-21T16:00:33.774Z","stage":"RATE_OK","projectId":"Z-007","ratePerTask":0,"upfront":0,"pool":1600,"totalTasks":0}
{"ts":"2025-08-21T16:00:33.775Z","stage":"EXISTING_DRAFT_FOUND","projectId":"Z-007","existingInvoiceNumber":"INV-Z-007-1755755647576"}
{"ts":"2025-08-21T16:00:37.219Z","stage":"START","projectId":"Z-007","freelancerId":25}
{"ts":"2025-08-21T16:00:37.220Z","stage":"READ_PROJECT_OK","projectId":"Z-007","invoicingMethod":"completion"}
{"ts":"2025-08-21T16:00:37.221Z","stage":"READ_TASKS_OK","projectId":"Z-007","count":3}
{"ts":"2025-08-21T16:00:37.221Z","stage":"FILTER_APPROVED","projectId":"Z-007","total":3,"approved":2}
{"ts":"2025-08-21T16:00:37.222Z","stage":"LIST_INVOICES_OK","projectId":"Z-007","count":2}
{"ts":"2025-08-21T16:00:37.223Z","stage":"FILTER_DEDUP","projectId":"Z-007","available":2,"alreadyInvoicedById":1,"alreadyInvoicedByTitle":1,"excludedDrafts":true}
{"ts":"2025-08-21T16:00:37.223Z","stage":"RATE_OK","projectId":"Z-007","ratePerTask":0,"upfront":0,"pool":1600,"totalTasks":0}
{"ts":"2025-08-21T16:00:37.225Z","stage":"EXISTING_DRAFT_FOUND","projectId":"Z-007","existingInvoiceNumber":"INV-Z-007-1755755647576"}
{"ts":"2025-08-21T16:03:31.715Z","stage":"START","projectId":"Z-007","freelancerId":25}
{"ts":"2025-08-21T16:03:31.732Z","stage":"READ_PROJECT_OK","projectId":"Z-007","invoicingMethod":"completion"}
{"ts":"2025-08-21T16:03:31.733Z","stage":"READ_TASKS_OK","projectId":"Z-007","count":3}
{"ts":"2025-08-21T16:03:31.733Z","stage":"FILTER_APPROVED","projectId":"Z-007","total":3,"approved":2}
{"ts":"2025-08-21T16:03:31.740Z","stage":"LIST_INVOICES_OK","projectId":"Z-007","count":2}
{"ts":"2025-08-21T16:03:31.740Z","stage":"FILTER_DEDUP","projectId":"Z-007","available":2,"alreadyInvoicedById":1,"alreadyInvoicedByTitle":1,"excludedDrafts":true}
{"ts":"2025-08-21T16:03:31.740Z","stage":"RATE_OK","projectId":"Z-007","ratePerTask":0,"upfront":0,"pool":1600,"totalTasks":0}
{"ts":"2025-08-21T16:03:31.742Z","stage":"EXISTING_DRAFT_FOUND","projectId":"Z-007","existingInvoiceNumber":"TB-017"}
{"ts":"2025-08-21T16:03:54.607Z","stage":"START","projectId":"Z-007","freelancerId":25}
{"ts":"2025-08-21T16:03:54.607Z","stage":"READ_PROJECT_OK","projectId":"Z-007","invoicingMethod":"completion"}
{"ts":"2025-08-21T16:03:54.608Z","stage":"READ_TASKS_OK","projectId":"Z-007","count":3}
{"ts":"2025-08-21T16:03:54.608Z","stage":"FILTER_APPROVED","projectId":"Z-007","total":3,"approved":2}
{"ts":"2025-08-21T16:03:54.611Z","stage":"LIST_INVOICES_OK","projectId":"Z-007","count":2}
{"ts":"2025-08-21T16:03:54.611Z","stage":"FILTER_DEDUP","projectId":"Z-007","available":2,"alreadyInvoicedById":1,"alreadyInvoicedByTitle":1,"excludedDrafts":true}
{"ts":"2025-08-21T16:03:54.611Z","stage":"RATE_OK","projectId":"Z-007","ratePerTask":0,"upfront":0,"pool":1600,"totalTasks":0}
{"ts":"2025-08-21T16:03:54.613Z","stage":"EXISTING_DRAFT_FOUND","projectId":"Z-007","existingInvoiceNumber":"TB-017"}
{"ts":"2025-08-21T16:04:47.829Z","stage":"START","projectId":"Z-007","freelancerId":25}
{"ts":"2025-08-21T16:04:47.829Z","stage":"READ_PROJECT_OK","projectId":"Z-007","invoicingMethod":"completion"}
{"ts":"2025-08-21T16:04:47.830Z","stage":"READ_TASKS_OK","projectId":"Z-007","count":3}
{"ts":"2025-08-21T16:04:47.830Z","stage":"FILTER_APPROVED","projectId":"Z-007","total":3,"approved":2}
{"ts":"2025-08-21T16:04:47.836Z","stage":"LIST_INVOICES_OK","projectId":"Z-007","count":2}
{"ts":"2025-08-21T16:04:47.836Z","stage":"FILTER_DEDUP","projectId":"Z-007","available":2,"alreadyInvoicedById":1,"alreadyInvoicedByTitle":1,"excludedDrafts":true}
{"ts":"2025-08-21T16:04:47.836Z","stage":"RATE_OK","projectId":"Z-007","ratePerTask":0,"upfront":0,"pool":1600,"totalTasks":0}
{"ts":"2025-08-21T16:04:47.838Z","stage":"EXISTING_DRAFT_FOUND","projectId":"Z-007","existingInvoiceNumber":"TB-017"}
{"ts":"2025-08-21T16:06:27.788Z","stage":"START","projectId":"Z-007","freelancerId":25}
{"ts":"2025-08-21T16:06:27.789Z","stage":"READ_PROJECT_OK","projectId":"Z-007","invoicingMethod":"completion"}
{"ts":"2025-08-21T16:06:27.789Z","stage":"READ_TASKS_OK","projectId":"Z-007","count":3}
{"ts":"2025-08-21T16:06:27.789Z","stage":"FILTER_APPROVED","projectId":"Z-007","total":3,"approved":2}
{"ts":"2025-08-21T16:06:27.796Z","stage":"LIST_INVOICES_OK","projectId":"Z-007","count":2}
{"ts":"2025-08-21T16:06:27.796Z","stage":"FILTER_DEDUP","projectId":"Z-007","available":2,"alreadyInvoicedById":1,"alreadyInvoicedByTitle":1,"excludedDrafts":true}
{"ts":"2025-08-21T16:06:27.796Z","stage":"RATE_OK","projectId":"Z-007","ratePerTask":0,"upfront":0,"pool":1600,"totalTasks":0}
{"ts":"2025-08-21T16:06:27.801Z","stage":"EXISTING_DRAFT_FOUND","projectId":"Z-007","existingInvoiceNumber":"TB-017"}
{"ts":"2025-08-21T16:39:40.575Z","stage":"START","projectId":"Z-007","freelancerId":25}
{"ts":"2025-08-21T16:39:40.576Z","stage":"READ_PROJECT_OK","projectId":"Z-007","invoicingMethod":"completion"}
{"ts":"2025-08-21T16:39:40.577Z","stage":"READ_TASKS_OK","projectId":"Z-007","count":3}
{"ts":"2025-08-21T16:39:40.578Z","stage":"FILTER_APPROVED","projectId":"Z-007","total":3,"approved":2}
{"ts":"2025-08-21T16:39:40.580Z","stage":"LIST_INVOICES_OK","projectId":"Z-007","count":1}
{"ts":"2025-08-21T16:39:40.580Z","stage":"FILTER_DEDUP","projectId":"Z-007","available":2,"alreadyInvoicedById":1,"alreadyInvoicedByTitle":1,"excludedDrafts":true}
{"ts":"2025-08-21T16:39:40.580Z","stage":"RATE_OK","projectId":"Z-007","ratePerTask":0,"upfront":0,"pool":1600,"totalTasks":0}
{"ts":"2025-08-21T16:39:41.234Z","stage":"BUILD_OK","projectId":"Z-007","invoiceNumber":"TB-012","milestones":2}
{"ts":"2025-08-21T16:39:41.236Z","stage":"WRITE_OK","projectId":"Z-007","invoiceNumber":"TB-012"}
{"ts":"2025-08-21T16:39:41.236Z","stage":"DONE","projectId":"Z-007","invoiceNumber":"TB-012","success":true}
{"ts":"2025-08-21T17:04:38.780Z","stage":"START","projectId":"Z-007","freelancerId":25}
{"ts":"2025-08-21T17:04:38.790Z","stage":"READ_PROJECT_OK","projectId":"Z-007","invoicingMethod":"completion"}
{"ts":"2025-08-21T17:04:38.864Z","stage":"READ_TASKS_OK","projectId":"Z-007","count":3}
{"ts":"2025-08-21T17:04:38.864Z","stage":"FILTER_APPROVED","projectId":"Z-007","total":3,"approved":2}
{"ts":"2025-08-21T17:04:39.492Z","stage":"LIST_INVOICES_OK","projectId":"Z-007","count":2}
{"ts":"2025-08-21T17:04:39.494Z","stage":"FILTER_DEDUP","projectId":"Z-007","available":2,"alreadyInvoicedById":1,"alreadyInvoicedByTitle":1,"excludedDrafts":true}
{"ts":"2025-08-21T17:04:39.496Z","stage":"RATE_OK","projectId":"Z-007","ratePerTask":800,"upfront":0,"pool":1600,"totalBudget":1600,"base":2}
{"ts":"2025-08-21T17:04:39.514Z","stage":"EXISTING_DRAFT_FOUND","projectId":"Z-007","existingInvoiceNumber":"TB-012"}
{"ts":"2025-08-21T18:49:08.491Z","stage":"START","projectId":"Z-007","freelancerId":25}
{"ts":"2025-08-21T18:49:08.496Z","stage":"READ_PROJECT_OK","projectId":"Z-007","invoicingMethod":"completion"}
{"ts":"2025-08-21T18:49:08.497Z","stage":"READ_TASKS_OK","projectId":"Z-007","count":3}
{"ts":"2025-08-21T18:49:08.498Z","stage":"FILTER_APPROVED","projectId":"Z-007","total":3,"approved":2}
{"ts":"2025-08-21T18:49:08.503Z","stage":"LIST_INVOICES_OK","projectId":"Z-007","count":2}
{"ts":"2025-08-21T18:49:08.504Z","stage":"FILTER_DEDUP","projectId":"Z-007","available":2,"alreadyInvoicedById":1,"alreadyInvoicedByTitle":1,"excludedDrafts":true}
{"ts":"2025-08-21T18:49:08.504Z","stage":"RATE_OK","projectId":"Z-007","ratePerTask":704,"upfront":192,"pool":1408,"totalBudget":1600,"base":2,"calculation":"1408 ÷ 2 = 704"}
{"ts":"2025-08-21T18:49:08.506Z","stage":"EXISTING_DRAFT_FOUND","projectId":"Z-007","existingInvoiceNumber":"TB-012"}
{"ts":"2025-08-21T18:49:54.829Z","stage":"START","projectId":"Z-007","freelancerId":25}
{"ts":"2025-08-21T18:49:54.830Z","stage":"READ_PROJECT_OK","projectId":"Z-007","invoicingMethod":"completion"}
{"ts":"2025-08-21T18:49:54.830Z","stage":"READ_TASKS_OK","projectId":"Z-007","count":3}
{"ts":"2025-08-21T18:49:54.830Z","stage":"FILTER_APPROVED","projectId":"Z-007","total":3,"approved":2}
{"ts":"2025-08-21T18:49:54.837Z","stage":"LIST_INVOICES_OK","projectId":"Z-007","count":2}
{"ts":"2025-08-21T18:49:54.837Z","stage":"FILTER_DEDUP","projectId":"Z-007","available":2,"alreadyInvoicedById":1,"alreadyInvoicedByTitle":1,"excludedDrafts":true}
{"ts":"2025-08-21T18:49:54.837Z","stage":"RATE_OK","projectId":"Z-007","ratePerTask":704,"upfront":192,"pool":1408,"totalBudget":1600,"base":2,"calculation":"1408 ÷ 2 = 704"}
{"ts":"2025-08-21T18:49:54.839Z","stage":"EXISTING_DRAFT_FOUND","projectId":"Z-007","existingInvoiceNumber":"TB-012"}
{"ts":"2025-08-21T18:49:54.839Z","stage":"FIXING_ZERO_VALUES","projectId":"Z-007","existingInvoiceNumber":"TB-012"}
{"ts":"2025-08-21T18:49:54.839Z","stage":"ERROR","error":"writeInvoice is not defined"}
{"ts":"2025-08-21T18:50:24.446Z","stage":"START","projectId":"Z-007","freelancerId":25}
{"ts":"2025-08-21T18:50:24.446Z","stage":"READ_PROJECT_OK","projectId":"Z-007","invoicingMethod":"completion"}
{"ts":"2025-08-21T18:50:24.447Z","stage":"READ_TASKS_OK","projectId":"Z-007","count":3}
{"ts":"2025-08-21T18:50:24.447Z","stage":"FILTER_APPROVED","projectId":"Z-007","total":3,"approved":2}
{"ts":"2025-08-21T18:50:24.454Z","stage":"LIST_INVOICES_OK","projectId":"Z-007","count":2}
{"ts":"2025-08-21T18:50:24.454Z","stage":"FILTER_DEDUP","projectId":"Z-007","available":2,"alreadyInvoicedById":1,"alreadyInvoicedByTitle":1,"excludedDrafts":true}
{"ts":"2025-08-21T18:50:24.455Z","stage":"RATE_OK","projectId":"Z-007","ratePerTask":704,"upfront":192,"pool":1408,"totalBudget":1600,"base":2,"calculation":"1408 ÷ 2 = 704"}
{"ts":"2025-08-21T18:50:24.456Z","stage":"EXISTING_DRAFT_FOUND","projectId":"Z-007","existingInvoiceNumber":"TB-012"}
{"ts":"2025-08-21T18:50:24.457Z","stage":"FIXING_ZERO_VALUES","projectId":"Z-007","existingInvoiceNumber":"TB-012"}
{"ts":"2025-08-21T18:50:24.457Z","stage":"FIXED_EXISTING_DRAFT","projectId":"Z-007","invoiceNumber":"TB-012","totalAmount":1408}
{"ts":"2025-08-21T18:52:17.791Z","stage":"START","projectId":"Z-007","freelancerId":25}
{"ts":"2025-08-21T18:52:17.793Z","stage":"READ_PROJECT_OK","projectId":"Z-007","invoicingMethod":"completion"}
{"ts":"2025-08-21T18:52:17.794Z","stage":"READ_TASKS_OK","projectId":"Z-007","count":3}
{"ts":"2025-08-21T18:52:17.795Z","stage":"FILTER_APPROVED","projectId":"Z-007","total":3,"approved":2}
{"ts":"2025-08-21T18:52:17.797Z","stage":"LIST_INVOICES_OK","projectId":"Z-007","count":2}
{"ts":"2025-08-21T18:52:17.797Z","stage":"FILTER_DEDUP","projectId":"Z-007","available":2,"alreadyInvoicedById":1,"alreadyInvoicedByTitle":1,"excludedDrafts":true}
{"ts":"2025-08-21T18:52:17.797Z","stage":"RATE_OK","projectId":"Z-007","ratePerTask":704,"upfront":192,"pool":1408,"totalBudget":1600,"base":2,"calculation":"1408 ÷ 2 = 704"}
{"ts":"2025-08-21T18:52:17.799Z","stage":"EXISTING_DRAFT_FOUND","projectId":"Z-007","existingInvoiceNumber":"TB-012"}
{"ts":"2025-08-22T21:07:01.877Z","stage":"START","projectId":"Z-009","freelancerId":25}
{"ts":"2025-08-22T21:07:01.878Z","stage":"READ_PROJECT_OK","projectId":"Z-009","invoicingMethod":"completion"}
{"ts":"2025-08-22T21:07:01.880Z","stage":"READ_TASKS_OK","projectId":"Z-009","count":2}
{"ts":"2025-08-22T21:07:01.880Z","stage":"FILTER_APPROVED","projectId":"Z-009","total":2,"approved":1}
{"ts":"2025-08-22T21:07:01.884Z","stage":"LIST_INVOICES_OK","projectId":"Z-009","count":1}
{"ts":"2025-08-22T21:07:01.884Z","stage":"FILTER_DEDUP","projectId":"Z-009","available":1,"alreadyInvoicedById":1,"alreadyInvoicedByTitle":1,"excludedDrafts":true}
{"ts":"2025-08-22T21:07:01.884Z","stage":"RATE_OK","projectId":"Z-009","ratePerTask":792,"upfront":216,"pool":1584,"totalBudget":1800,"base":2,"calculation":"1584 ÷ 2 = 792"}
{"ts":"2025-08-22T21:07:02.858Z","stage":"BUILD_OK","projectId":"Z-009","invoiceNumber":"TB-016","milestones":1}
{"ts":"2025-08-22T21:07:02.859Z","stage":"WRITE_OK","projectId":"Z-009","invoiceNumber":"TB-016"}
{"ts":"2025-08-22T21:07:02.859Z","stage":"DONE","projectId":"Z-009","invoiceNumber":"TB-016","success":true}
{"ts":"2025-08-22T21:07:19.195Z","stage":"START","projectId":"Z-009","freelancerId":25}
{"ts":"2025-08-22T21:07:19.195Z","stage":"READ_PROJECT_OK","projectId":"Z-009","invoicingMethod":"completion"}
{"ts":"2025-08-22T21:07:19.196Z","stage":"READ_TASKS_OK","projectId":"Z-009","count":2}
{"ts":"2025-08-22T21:07:19.196Z","stage":"FILTER_APPROVED","projectId":"Z-009","total":2,"approved":1}
{"ts":"2025-08-22T21:07:19.198Z","stage":"LIST_INVOICES_OK","projectId":"Z-009","count":2}
{"ts":"2025-08-22T21:07:19.199Z","stage":"FILTER_DEDUP","projectId":"Z-009","available":1,"alreadyInvoicedById":1,"alreadyInvoicedByTitle":1,"excludedDrafts":true}
{"ts":"2025-08-22T21:07:19.199Z","stage":"RATE_OK","projectId":"Z-009","ratePerTask":792,"upfront":216,"pool":1584,"totalBudget":1800,"base":2,"calculation":"1584 ÷ 2 = 792"}
{"ts":"2025-08-22T21:07:19.201Z","stage":"EXISTING_DRAFT_FOUND","projectId":"Z-009","existingInvoiceNumber":"TB-016"}
{"ts":"2025-08-22T21:12:58.069Z","stage":"START","projectId":"Z-009","freelancerId":25}
{"ts":"2025-08-22T21:12:58.081Z","stage":"READ_PROJECT_OK","projectId":"Z-009","invoicingMethod":"completion"}
{"ts":"2025-08-22T21:12:58.083Z","stage":"READ_TASKS_OK","projectId":"Z-009","count":2}
{"ts":"2025-08-22T21:12:58.083Z","stage":"FILTER_APPROVED","projectId":"Z-009","total":2,"approved":1}
{"ts":"2025-08-22T21:12:58.091Z","stage":"LIST_INVOICES_OK","projectId":"Z-009","count":1}
{"ts":"2025-08-22T21:12:58.091Z","stage":"FILTER_DEDUP","projectId":"Z-009","available":1,"alreadyInvoicedById":0,"alreadyInvoicedByTitle":0,"excludedDrafts":true}
{"ts":"2025-08-22T21:12:58.091Z","stage":"RATE_OK","projectId":"Z-009","ratePerTask":792,"upfront":216,"pool":1584,"totalBudget":1800,"base":2,"calculation":"1584 ÷ 2 = 792"}
{"ts":"2025-08-22T21:12:58.096Z","stage":"EXISTING_DRAFT_FOUND","projectId":"Z-009","existingInvoiceNumber":"TB-016"}
{"ts":"2025-08-22T23:25:20.808Z","stage":"START","projectId":"Z-009","freelancerId":25}
{"ts":"2025-08-22T23:25:20.810Z","stage":"READ_PROJECT_OK","projectId":"Z-009","invoicingMethod":"completion"}
{"ts":"2025-08-22T23:25:20.811Z","stage":"READ_TASKS_OK","projectId":"Z-009","count":2}
{"ts":"2025-08-22T23:25:20.812Z","stage":"FILTER_APPROVED","projectId":"Z-009","total":2,"approved":1}
{"ts":"2025-08-22T23:25:20.816Z","stage":"LIST_INVOICES_OK","projectId":"Z-009","count":2}
{"ts":"2025-08-22T23:25:20.816Z","stage":"FILTER_DEDUP","projectId":"Z-009","available":1,"alreadyInvoicedById":1,"alreadyInvoicedByTitle":1,"excludedDrafts":true}
{"ts":"2025-08-22T23:25:20.816Z","stage":"RATE_OK","projectId":"Z-009","ratePerTask":792,"upfront":216,"pool":1584,"totalBudget":1800,"base":2,"calculation":"1584 ÷ 2 = 792"}
{"ts":"2025-08-22T23:25:20.819Z","stage":"EXISTING_DRAFT_FOUND","projectId":"Z-009","existingInvoiceNumber":"TB-016"}
{"ts":"2025-08-22T23:25:32.127Z","stage":"START","projectId":"Z-009","freelancerId":25}
{"ts":"2025-08-22T23:25:32.127Z","stage":"READ_PROJECT_OK","projectId":"Z-009","invoicingMethod":"completion"}
{"ts":"2025-08-22T23:25:32.128Z","stage":"READ_TASKS_OK","projectId":"Z-009","count":2}
{"ts":"2025-08-22T23:25:32.128Z","stage":"FILTER_APPROVED","projectId":"Z-009","total":2,"approved":1}
{"ts":"2025-08-22T23:25:32.131Z","stage":"LIST_INVOICES_OK","projectId":"Z-009","count":2}
{"ts":"2025-08-22T23:25:32.131Z","stage":"FILTER_DEDUP","projectId":"Z-009","available":1,"alreadyInvoicedById":1,"alreadyInvoicedByTitle":1,"excludedDrafts":true}
{"ts":"2025-08-22T23:25:32.131Z","stage":"RATE_OK","projectId":"Z-009","ratePerTask":792,"upfront":216,"pool":1584,"totalBudget":1800,"base":2,"calculation":"1584 ÷ 2 = 792"}
{"ts":"2025-08-22T23:25:32.133Z","stage":"EXISTING_DRAFT_FOUND","projectId":"Z-009","existingInvoiceNumber":"TB-016"}
{"ts":"2025-08-22T23:25:43.868Z","stage":"START","projectId":"Z-009","freelancerId":25}
{"ts":"2025-08-22T23:25:43.868Z","stage":"READ_PROJECT_OK","projectId":"Z-009","invoicingMethod":"completion"}
{"ts":"2025-08-22T23:25:43.869Z","stage":"READ_TASKS_OK","projectId":"Z-009","count":2}
{"ts":"2025-08-22T23:25:43.869Z","stage":"FILTER_APPROVED","projectId":"Z-009","total":2,"approved":1}
{"ts":"2025-08-22T23:25:43.872Z","stage":"LIST_INVOICES_OK","projectId":"Z-009","count":2}
{"ts":"2025-08-22T23:25:43.872Z","stage":"FILTER_DEDUP","projectId":"Z-009","available":1,"alreadyInvoicedById":1,"alreadyInvoicedByTitle":1,"excludedDrafts":true}
{"ts":"2025-08-22T23:25:43.872Z","stage":"RATE_OK","projectId":"Z-009","ratePerTask":792,"upfront":216,"pool":1584,"totalBudget":1800,"base":2,"calculation":"1584 ÷ 2 = 792"}
{"ts":"2025-08-22T23:25:43.874Z","stage":"EXISTING_DRAFT_FOUND","projectId":"Z-009","existingInvoiceNumber":"TB-016"}
{"ts":"2025-08-22T23:28:53.492Z","stage":"START","projectId":"Z-009","freelancerId":25}
{"ts":"2025-08-22T23:28:53.495Z","stage":"READ_PROJECT_OK","projectId":"Z-009","invoicingMethod":"completion"}
{"ts":"2025-08-22T23:28:53.496Z","stage":"READ_TASKS_OK","projectId":"Z-009","count":2}
{"ts":"2025-08-22T23:28:53.496Z","stage":"FILTER_APPROVED","projectId":"Z-009","total":2,"approved":1}
{"ts":"2025-08-22T23:28:53.499Z","stage":"LIST_INVOICES_OK","projectId":"Z-009","count":2}
{"ts":"2025-08-22T23:28:53.499Z","stage":"FILTER_DEDUP","projectId":"Z-009","available":1,"alreadyInvoicedById":1,"alreadyInvoicedByTitle":1,"excludedDrafts":true}
{"ts":"2025-08-22T23:28:53.499Z","stage":"RATE_OK","projectId":"Z-009","ratePerTask":792,"upfront":216,"pool":1584,"totalBudget":1800,"base":2,"calculation":"1584 ÷ 2 = 792"}
{"ts":"2025-08-22T23:28:53.501Z","stage":"EXISTING_DRAFT_FOUND","projectId":"Z-009","existingInvoiceNumber":"TB-016"}
{"ts":"2025-08-22T23:30:10.206Z","stage":"START","projectId":"Z-009","freelancerId":25}
{"ts":"2025-08-22T23:30:10.207Z","stage":"READ_PROJECT_OK","projectId":"Z-009","invoicingMethod":"completion"}
{"ts":"2025-08-22T23:30:10.208Z","stage":"READ_TASKS_OK","projectId":"Z-009","count":2}
{"ts":"2025-08-22T23:30:10.208Z","stage":"FILTER_APPROVED","projectId":"Z-009","total":2,"approved":1}
{"ts":"2025-08-22T23:30:10.210Z","stage":"LIST_INVOICES_OK","projectId":"Z-009","count":1}
{"ts":"2025-08-22T23:30:10.210Z","stage":"FILTER_DEDUP","projectId":"Z-009","available":1,"alreadyInvoicedById":1,"alreadyInvoicedByTitle":1,"excludedDrafts":true}
{"ts":"2025-08-22T23:30:10.211Z","stage":"RATE_OK","projectId":"Z-009","ratePerTask":792,"upfront":216,"pool":1584,"totalBudget":1800,"base":2,"calculation":"1584 ÷ 2 = 792"}
{"ts":"2025-08-22T23:30:10.937Z","stage":"BUILD_OK","projectId":"Z-009","invoiceNumber":"TB-C007","milestones":1}
{"ts":"2025-08-22T23:30:10.938Z","stage":"WRITE_OK","projectId":"Z-009","invoiceNumber":"TB-C007"}
{"ts":"2025-08-22T23:30:10.938Z","stage":"DONE","projectId":"Z-009","invoiceNumber":"TB-C007","success":true}
