[2025-08-21T15:37:57.031Z] [PROJECT_NAV:CLICK] {"projectId":"Z-007","viewType":"freelancer"}
[2025-08-21T15:40:05.070Z] [PROJECT_NAV:CLICK] {"projectId":"Z-007","viewType":"commissioner"}
[2025-08-21T15:40:08.495Z] [PAYINV:UI:ENABLED] {"projectId":"Z-007","invoiceNumber":"INV-Z-007-1755755647576"}
[2025-08-21T15:40:08.527Z] [PAYINV:UI:ENABLED] {"projectId":"Z-007","invoiceNumber":"INV-Z-007-1755755647576"}
[2025-08-21T15:40:11.871Z] [PAYINV:UI:CLICK] {"projectId":"Z-007","invoiceNumber":"INV-Z-007-1755755647576"}
[2025-08-21T15:40:11.872Z] [PAYINV:UI:NAV] {"projectId":"Z-007","invoiceNumber":"INV-Z-007-1755755647576"}
[2025-08-21T15:40:46.691Z] [PAYINV:UI:ENABLED] {"projectId":"Z-007","invoiceNumber":"INV-Z-007-1755755647576"}
[2025-08-21T15:40:46.764Z] [PAYINV:UI:ENABLED] {"projectId":"Z-007","invoiceNumber":"INV-Z-007-1755755647576"}
[2025-08-21T15:40:47.858Z] [PAYINV:UI:CLICK] {"projectId":"Z-007","invoiceNumber":"INV-Z-007-1755755647576"}
[2025-08-21T15:40:47.859Z] [PAYINV:UI:NAV] {"projectId":"Z-007","invoiceNumber":"INV-Z-007-1755755647576"}
[2025-08-21T15:41:34.858Z] [PAYINV:UI:ENABLED] {"projectId":"Z-007","invoiceNumber":"INV-Z-007-1755755647576"}
[2025-08-21T15:41:35.078Z] [PAYINV:UI:ENABLED] {"projectId":"Z-007","invoiceNumber":"INV-Z-007-1755755647576"}
[2025-08-21T15:41:40.528Z] [PROJECT_NAV:CLICK] {"projectId":"Z-001","viewType":"commissioner"}
[2025-08-21T15:59:55.721Z] [PROJECT_NAV:CLICK] {"projectId":"Z-007","viewType":"freelancer"}
[2025-08-21T16:00:58.373Z] [PROJECT_NAV:CLICK] {"projectId":"Z-007","viewType":"commissioner"}
[2025-08-21T16:00:59.030Z] [PAYINV:UI:ENABLED] {"projectId":"Z-007","invoiceNumber":"INV-Z-007-1755755647576"}
[2025-08-21T16:00:59.054Z] [PAYINV:UI:ENABLED] {"projectId":"Z-007","invoiceNumber":"INV-Z-007-1755755647576"}
[2025-08-21T16:01:01.507Z] [PAYINV:UI:CLICK] {"projectId":"Z-007","invoiceNumber":"INV-Z-007-1755755647576"}
[2025-08-21T16:01:01.508Z] [PAYINV:UI:NAV] {"projectId":"Z-007","invoiceNumber":"INV-Z-007-1755755647576"}
[2025-08-21T16:02:54.400Z] [PAYINV:UI:ENABLED] {"projectId":"Z-007","invoiceNumber":"TB-017"}
[2025-08-21T16:02:54.218Z] [PAYINV:UI:ENABLED] {"projectId":"Z-007","invoiceNumber":"TB-017"}
[2025-08-21T16:02:55.197Z] [PAYINV:UI:CLICK] {"projectId":"Z-007","invoiceNumber":"TB-017"}
[2025-08-21T16:02:55.198Z] [PAYINV:UI:NAV] {"projectId":"Z-007","invoiceNumber":"TB-017"}
[2025-08-21T16:05:14.411Z] [PAYINV:UI:ENABLED] {"projectId":"Z-007","invoiceNumber":"TB-017"}
[2025-08-21T16:05:15.065Z] [PAYINV:UI:ENABLED] {"projectId":"Z-007","invoiceNumber":"TB-017"}
[2025-08-21T16:14:08.462Z] [PAYINV:UI:ENABLED] {"projectId":"Z-007","invoiceNumber":"TB-017"}
[2025-08-21T16:14:09.243Z] [PAYINV:UI:ENABLED] {"projectId":"Z-007","invoiceNumber":"TB-017"}
[2025-08-21T16:14:10.931Z] [PAYINV:UI:CLICK] {"projectId":"Z-007","invoiceNumber":"TB-017"}
[2025-08-21T16:14:10.931Z] [PAYINV:UI:NAV] {"projectId":"Z-007","invoiceNumber":"TB-017"}
[2025-08-21T18:52:39.872Z] [PAYINV:UI:ENABLED] {"projectId":"Z-007","invoiceNumber":"TB-012"}
[2025-08-21T18:52:40.160Z] [PAYINV:UI:ENABLED] {"projectId":"Z-007","invoiceNumber":"TB-012"}
[2025-08-21T18:52:41.060Z] [PAYINV:UI:NAV] {"projectId":"Z-007","invoiceNumber":"TB-012"}
[2025-08-21T18:52:41.060Z] [PAYINV:UI:CLICK] {"projectId":"Z-007","invoiceNumber":"TB-012"}
[2025-08-21T18:54:35.305Z] [PAYINV:UI:ENABLED] {"projectId":"Z-007","invoiceNumber":"TB-012"}
[2025-08-21T18:54:35.413Z] [PAYINV:UI:ENABLED] {"projectId":"Z-007","invoiceNumber":"TB-012"}
[2025-08-21T19:00:04.598Z] [PROJECT_NAV:CLICK] {"projectId":"Z-007","viewType":"commissioner"}
[2025-08-21T19:00:05.375Z] [PAYINV:UI:ENABLED] {"projectId":"Z-007","invoiceNumber":"TB-012"}
[2025-08-21T19:00:05.406Z] [PAYINV:UI:ENABLED] {"projectId":"Z-007","invoiceNumber":"TB-012"}
[2025-08-21T19:00:06.948Z] [PAYINV:UI:CLICK] {"projectId":"Z-007","invoiceNumber":"TB-012"}
[2025-08-21T19:00:06.949Z] [PAYINV:UI:NAV] {"projectId":"Z-007","invoiceNumber":"TB-012"}
[2025-08-21T19:09:34.720Z] [PAYINV:UI:ENABLED] {"projectId":"Z-007","invoiceNumber":"TB-012"}
[2025-08-21T19:09:35.050Z] [PAYINV:UI:ENABLED] {"projectId":"Z-007","invoiceNumber":"TB-012"}
[2025-08-21T19:10:01.084Z] [PAYINV:UI:CLICK] {"projectId":"Z-007","invoiceNumber":"TB-012"}
[2025-08-21T19:10:01.085Z] [PAYINV:UI:NAV] {"projectId":"Z-007","invoiceNumber":"TB-012"}
[2025-08-21T22:23:54.653Z] [PROJECT_NAV:CLICK] {"projectId":"Z-007","viewType":"commissioner"}
[2025-08-21T22:23:57.655Z] [PAYINV:UI:ENABLED] {"projectId":"Z-007","invoiceNumber":"TB-012"}
[2025-08-21T22:23:57.698Z] [PAYINV:UI:ENABLED] {"projectId":"Z-007","invoiceNumber":"TB-012"}
[2025-08-21T22:23:58.848Z] [PAYINV:UI:CLICK] {"projectId":"Z-007","invoiceNumber":"TB-012"}
[2025-08-21T22:23:58.849Z] [PAYINV:UI:NAV] {"projectId":"Z-007","invoiceNumber":"TB-012"}
[2025-08-22T01:35:24.151Z] [PAYINV:UI:ENABLED] {"projectId":"Z-007","invoiceNumber":"TB-012"}
[2025-08-22T01:35:24.480Z] [PAYINV:UI:ENABLED] {"projectId":"Z-007","invoiceNumber":"TB-012"}
[2025-08-22T01:35:25.946Z] [PAYINV:UI:CLICK] {"projectId":"Z-007","invoiceNumber":"TB-012"}
[2025-08-22T01:35:25.947Z] [PAYINV:UI:NAV] {"projectId":"Z-007","invoiceNumber":"TB-012"}
[2025-08-22T01:39:57.711Z] [PAYINV:UI:ENABLED] {"projectId":"Z-007","invoiceNumber":"TB-012"}
[2025-08-22T01:39:57.513Z] [PAYINV:UI:ENABLED] {"projectId":"Z-007","invoiceNumber":"TB-012"}
[2025-08-22T01:39:58.886Z] [PAYINV:UI:CLICK] {"projectId":"Z-007","invoiceNumber":"TB-012"}
[2025-08-22T01:39:58.887Z] [PAYINV:UI:NAV] {"projectId":"Z-007","invoiceNumber":"TB-012"}
[2025-08-22T01:49:50.124Z] [PAYINV:UI:ENABLED] {"projectId":"Z-007","invoiceNumber":"TB-012"}
[2025-08-22T01:49:50.298Z] [PAYINV:UI:ENABLED] {"projectId":"Z-007","invoiceNumber":"TB-012"}
[2025-08-22T01:49:51.448Z] [PAYINV:UI:CLICK] {"projectId":"Z-007","invoiceNumber":"TB-012"}
[2025-08-22T01:49:51.448Z] [PAYINV:UI:NAV] {"projectId":"Z-007","invoiceNumber":"TB-012"}
[2025-08-22T01:49:53.793Z] [PAYINV:UI:ENABLED] {"projectId":"Z-007","invoiceNumber":"TB-012"}
[2025-08-22T01:49:53.818Z] [PAYINV:UI:ENABLED] {"projectId":"Z-007","invoiceNumber":"TB-012"}
[2025-08-22T01:49:55.080Z] [PAYINV:UI:CLICK] {"projectId":"Z-007","invoiceNumber":"TB-012"}
[2025-08-22T01:49:55.080Z] [PAYINV:UI:NAV] {"projectId":"Z-007","invoiceNumber":"TB-012"}
[2025-08-22T01:49:59.237Z] [PAYINV:UI:ENABLED] {"projectId":"Z-007","invoiceNumber":"TB-012"}
[2025-08-22T01:49:59.259Z] [PAYINV:UI:ENABLED] {"projectId":"Z-007","invoiceNumber":"TB-012"}
[2025-08-22T02:38:07.611Z] [PROJECT_NAV:CLICK] {"projectId":"Z-007","viewType":"commissioner"}
[2025-08-22T02:38:16.259Z] [PROJECT_NAV:CLICK] {"projectId":"Z-007","viewType":"freelancer"}
[2025-08-22T13:35:21.212Z] [PROJECT_NAV:CLICK] {"projectId":"Z-007","viewType":"commissioner"}
[2025-08-22T13:35:59.792Z] [PROJECT_NAV:CLICK] {"projectId":"Z-007","viewType":"freelancer"}
[2025-08-22T20:19:57.999Z] [PROJECT_NAV:CLICK] {"projectId":"Z-001","viewType":"commissioner"}
[2025-08-22T21:08:02.086Z] [PROJECT_NAV:CLICK] {"projectId":"Z-001","viewType":"commissioner"}
[2025-08-22T23:35:23.624Z] [PAYINV:UI:ENABLED] {"projectId":"Z-009","invoiceNumber":"TB-C007"}
[2025-08-22T23:35:24.091Z] [PAYINV:UI:ENABLED] {"projectId":"Z-009","invoiceNumber":"TB-C007"}
[2025-08-22T23:35:33.803Z] [PAYINV:UI:ENABLED] {"projectId":"Z-009","invoiceNumber":"TB-C007"}
[2025-08-22T23:35:33.828Z] [PAYINV:UI:ENABLED] {"projectId":"Z-009","invoiceNumber":"TB-C007"}
[2025-08-22T23:35:35.367Z] [PAYINV:UI:CLICK] {"projectId":"Z-009","invoiceNumber":"TB-C007"}
[2025-08-22T23:35:35.368Z] [PAYINV:UI:NAV] {"projectId":"Z-009","invoiceNumber":"TB-C007"}
[2025-08-25T17:53:18.891Z] [PROJECT_NAV:CLICK] {"projectId":"Z-011","viewType":"freelancer"}
[2025-08-25T17:54:35.156Z] [PAYINV:UI:ENABLED] {"projectId":"Z-011","invoiceNumber":"TB-C008"}
[2025-08-25T17:54:35.566Z] [PAYINV:UI:ENABLED] {"projectId":"Z-011","invoiceNumber":"TB-C008"}
[2025-08-25T17:54:36.728Z] [PAYINV:UI:CLICK] {"projectId":"Z-011","invoiceNumber":"TB-C008"}
[2025-08-25T17:54:36.729Z] [PAYINV:UI:NAV] {"projectId":"Z-011","invoiceNumber":"TB-C008"}
[2025-08-25T19:40:17.619Z] [PROJECT_NAV:CLICK] {"projectId":"Z-012","viewType":"freelancer"}
[2025-08-25T19:55:52.145Z] [PROJECT_NAV:CLICK] {"projectId":"Z-012","viewType":"freelancer"}
[2025-08-25T20:01:12.057Z] [PAYINV:UI:ENABLED] {"projectId":"Z-012","invoiceNumber":"TB-C010"}
[2025-08-25T20:01:12.381Z] [PAYINV:UI:ENABLED] {"projectId":"Z-012","invoiceNumber":"TB-C010"}
[2025-08-25T20:11:12.211Z] [PROJECT_NAV:CLICK] {"projectId":"Z-012","viewType":"freelancer"}
[2025-08-25T20:20:23.113Z] [PROJECT_NAV:CLICK] {"projectId":"Z-012","viewType":"freelancer"}
[2025-08-25T21:03:06.643Z] [PROJECT_NAV:CLICK] {"projectId":"Z-013","viewType":"freelancer"}
[2025-08-25T23:45:12.509Z] [PROJECT_NAV:CLICK] {"projectId":"Z-013","viewType":"freelancer"}
[2025-08-26T08:19:57.897Z] [PROJECT_NAV:CLICK] {"projectId":"C-009","viewType":"freelancer"}
